RAW JSON: {"filename":"uploads/admin_index.html"}
Received filename: admin_index.html
RAW JSON: {"filename":"uploads/Book1 Πελατολ Θεόφιλου.xlsx"}
Received filename: Book1 Πελατολ Θεόφιλου.xlsx
RAW JSON: {"filename":"uploads/100723789_IoT.docx"}
Received filename: 100723789_IoT.docx
RAW JSON: {"filename":"uploads/100723789_IoT.docx"}
Received filename: 100723789_IoT.docx
RAW JSON: {"filename":"uploads/style.css"}
Received filename: style.css
RAW JSON: {"filename":"uploads/encryption.html"}
Received filename: encryption.html
RAW JSON: {"filename":"uploads/admin_index.html"}
Received filename: admin_index.html
RAW JSON: {"filename":"uploads/last.zip"}
Received filename: last.zip
RAW JSON: {"filename":"uploads/api.php"}
Received filename: api.php
RAW JSON: {"filename":"uploads/scripts.js"}
Received filename: scripts.js
RAW JSON: {"filename":"uploads/upload.html"}
Received filename: upload.html
RAW JSON: {"filename":"uploads/Vacc.txt"}
Received filename: Vacc.txt
RAW JSON: {"filename":"uploads/ΠΤ-48.pdf"}
Received filename: ΠΤ-48.pdf
RAW JSON: {"filename":"uploads/vaccination_record_1.pdf"}
Received filename: vaccination_record_1.pdf
RAW JSON: {"filename":"uploads/vaccine_card.jpg"}
Received filename: vaccine_card.jpg
RAW JSON: {"filename":"uploads/README.txt"}
Received filename: README.txt
RAW JSON: {"filename":"uploads/Oδηγίες_Εργασίας_Αναλυτικές.docx"}
Received filename: Oδηγίες_Εργασίας_Αναλυτικές.docx
RAW JSON: {"filename":"uploads/Project1_Personal_Diary_100723789.docx"}
Received filename: Project1_Personal_Diary_100723789.docx
RAW JSON: {"filename":"uploads/New_Restaurant_Project_Documentation_Full.rar"}
Received filename: New_Restaurant_Project_Documentation_Full.rar
RAW JSON: {"filename":"api/uploads/IoTNetworks.docx"}
Received filename: IoTNetworks.docx
RAW JSON: {"filename":"api/uploads/Restaurant.accdb"}
Received filename: Restaurant.accdb
RAW JSON: {"filename":"api/uploads/PerformanceReviewVersion2a 2022-23.xlsx"}
Received filename: PerformanceReviewVersion2a 2022-23.xlsx
RAW JSON: {"filename":"api/uploads/Oδηγίες_Εργασίας_Αναλυτικές.docx"}
Received filename: Oδηγίες_Εργασίας_Αναλυτικές.docx
RAW JSON: {"filename":"api/uploads/IoTNetworks.docx"}
Received filename: IoTNetworks.docx
RAW JSON: {"filename":"api/uploads/COUNTERS copy April '25.xlsx"}
Received filename: COUNTERS copy April '25.xlsx
RAW JSON: {"filename":"api/uploads/0e9040220e4790658e4970af5bb98099.jpg"}
Received filename: 0e9040220e4790658e4970af5bb98099.jpg
RAW JSON: {"filename":"api/uploads/lorem_ipsum.txt"}
Received filename: lorem_ipsum.txt
RAW JSON: {"filename":"api/uploads/vacc (4).txt"}
Received filename: vacc (4).txt
RAW JSON: {"filename":"api/uploads/vacc (4) (1).txt"}
Received filename: vacc (4) (1).txt
RAW JSON: {"filename":"api/uploads/vacc (4) (2) (1).txt"}
Received filename: vacc (4) (2) (1).txt
RAW JSON: {"filename":"api/uploads/100723789_IoT.docx"}
Received filename: 100723789_IoT.docx
RAW JSON: {"filename":"api/uploads/100723789_IoT.docx"}
Received filename: 100723789_IoT.docx
